<?xml version="1.0" encoding="UTF-8"?>
<testsuite xmlns:xsi="http://www.w3.org/2001/XMLSchema-instance" xsi:noNamespaceSchemaLocation="https://maven.apache.org/surefire/maven-surefire-plugin/xsd/surefire-test-report.xsd" name="com.task.Security.JwtAuthenticationFilterTest" time="3.055" tests="10" errors="0" skipped="0" failures="0">
  <properties>
[...]
</properties>
  <testcase name="testDoFilterInternal_BypassCertainUrlsJS" classname="com.task.Security.JwtAuthenticationFilterTest" time="2.587"/>
  <testcase name="testDoFilterInternal_BypassCertainUrls" classname="com.task.Security.JwtAuthenticationFilterTest" time="0.044"/>
  <testcase name="testDoFilterInternal_TokenNotPresent" classname="com.task.Security.JwtAuthenticationFilterTest" time="0.046"/>
  <testcase name="testDoFilterInternal_BypassCertainUrlscss" classname="com.task.Security.JwtAuthenticationFilterTest" time="0.072"/>
  <testcase name="testInvalidToken_NoAuthenticationAttempted" classname="com.task.Security.JwtAuthenticationFilterTest" time="0"/>
  <testcase name="testDoFilterInternal_InvalidToken" classname="com.task.Security.JwtAuthenticationFilterTest" time="0.076"/>
  <testcase name="testDoFilterInternal_ExceptionHandling" classname="com.task.Security.JwtAuthenticationFilterTest" time="0.011"/>
  <testcase name="testDoFilterInternal_ValidToken" classname="com.task.Security.JwtAuthenticationFilterTest" time="0.104"/>
  <testcase name="testDoFilterInternal_ValidToken_AlreadyAuthenticated" classname="com.task.Security.JwtAuthenticationFilterTest" time="0.078"/>
  <testcase name="testValidToken_AuthenticationAttempted" classname="com.task.Security.JwtAuthenticationFilterTest" time="0"/>
</testsuite>